
ROM used:   754/33788 (2%)
            754/33788 (2%) including unused fragments

            0.2 Average locations per line
            1.0 Average locations per statement

RAM used:   141/8192 (2%) at main() level
            142/8192 (2%) worst case

Stack size: 128

Lines Stmts  %   Files
----- ----- ---  -----
    3     0   0  $linker.c
  159    24   3  BITWISE_LIB.c
  144     0   0  BITWISE_LIB.H
  104     0   0  CONFIG_PIC24.H
  862     0   0  ..\Program Files\PICC\devices\24FJ48GA002.H
 1351   524  72  ..\Program Files\PICC\drivers\stdlib.h
   32     0   0  ..\Program Files\PICC\drivers\stddef.h
  423     0   0  ..\Program Files\PICC\drivers\string.h
   28     0   0  ..\Program Files\PICC\drivers\ctype.h
   37     0   0  ..\Program Files\PICC\drivers\stdio.h
  326   134  18  ..\Program Files\PICC\drivers\stdlibm.h
   76    13   2  ..\Program Files\PICC\drivers\memmgmt.c
  163     0   0  ..\Program Files\PICC\drivers\stdint.h
   32     0   0  BL_support.h
   37     0   0  CDATPIC24.H
  151    33   5  PIC24_GPIO_01.c
   77     0   0  PIC24_GPIO_01.H
----- -----
 4005   728 Total

Page ROM  %  RAM   Vol Diff  Functions:
---- --- --- ---   --- ----  ----------
0     32   2    7   130  4.3  BitTest
0    182  12    5   579  4.8  main
0     32   2    3   179  2.2  HardwareInit
 Inline         0             @cinit1

Program metrics:
    Functions               3
    Statements              728
    Comments                996
    Volume (V)              1125
    Difficulty (D)          11.3
    Effort to implement (E) 12770
    Time to implement (T)   12 minutes
    Est Delivered Bugs (B)  0
    Cyclomatic Complexity   5
    Maintainability (MI)    53

 Segment     Used  Free
-----------  ----  ----
00000-00BFE     0  3072  
00C00-00C02     4  0  
00C04-00DFA   504  0  
00DFC-083FA   246  29962  



